2021-07-10 08:28:46.184  INFO 3200 --- [main] com.example.blog.BlogApplicationTests    : Starting BlogApplicationTests using Java 1.8.0_221 on LAPTOP-4CPHII3D with PID 3200 (started by hulud in D:\javaѧϰ\newblog)
2021-07-10 08:28:46.188 DEBUG 3200 --- [main] com.example.blog.BlogApplicationTests    : Running with Spring Boot v2.4.3, Spring v5.3.4
2021-07-10 08:28:46.190  INFO 3200 --- [main] com.example.blog.BlogApplicationTests    : No active profile set, falling back to default profiles: default
2021-07-10 08:28:46.868  INFO 3200 --- [main] .s.d.r.c.RepositoryConfigurationDelegate : Bootstrapping Spring Data Elasticsearch repositories in DEFAULT mode.
2021-07-10 08:28:46.885  INFO 3200 --- [main] .s.d.r.c.RepositoryConfigurationDelegate : Finished Spring Data repository scanning in 11 ms. Found 0 Elasticsearch repository interfaces.
2021-07-10 08:28:46.891  INFO 3200 --- [main] .s.d.r.c.RepositoryConfigurationDelegate : Bootstrapping Spring Data Reactive Elasticsearch repositories in DEFAULT mode.
2021-07-10 08:28:46.896  INFO 3200 --- [main] .s.d.r.c.RepositoryConfigurationDelegate : Finished Spring Data repository scanning in 5 ms. Found 0 Reactive Elasticsearch repository interfaces.
2021-07-10 08:28:49.508  INFO 3200 --- [main] o.s.s.concurrent.ThreadPoolTaskExecutor  : Initializing ExecutorService 'applicationTaskExecutor'
2021-07-10 08:28:49.679  INFO 3200 --- [main] o.s.b.a.w.s.WelcomePageHandlerMapping    : Adding welcome page template: index
2021-07-10 08:28:50.199  WARN 3200 --- [main] o.s.data.convert.CustomConversions       : Registering converter from class org.springframework.data.geo.Point to interface java.util.Map as writing converter although it doesn't convert to a store-supported type! You might want to check your annotation setup at the converter implementation.
2021-07-10 08:28:50.199  WARN 3200 --- [main] o.s.data.convert.CustomConversions       : Registering converter from interface java.util.Map to class org.springframework.data.geo.Point as reading converter although it doesn't convert from a store-supported type! You might want to check your annotation setup at the converter implementation.
2021-07-10 08:28:50.200  WARN 3200 --- [main] o.s.data.convert.CustomConversions       : Registering converter from class org.springframework.data.elasticsearch.core.geo.GeoPoint to interface java.util.Map as writing converter although it doesn't convert to a store-supported type! You might want to check your annotation setup at the converter implementation.
2021-07-10 08:28:50.200  WARN 3200 --- [main] o.s.data.convert.CustomConversions       : Registering converter from interface java.util.Map to class org.springframework.data.elasticsearch.core.geo.GeoPoint as reading converter although it doesn't convert from a store-supported type! You might want to check your annotation setup at the converter implementation.
2021-07-10 08:28:50.200  WARN 3200 --- [main] o.s.data.convert.CustomConversions       : Registering converter from interface org.springframework.data.elasticsearch.core.geo.GeoJson to interface java.util.Map as writing converter although it doesn't convert to a store-supported type! You might want to check your annotation setup at the converter implementation.
2021-07-10 08:28:50.201  WARN 3200 --- [main] o.s.data.convert.CustomConversions       : Registering converter from interface java.util.Map to interface org.springframework.data.elasticsearch.core.geo.GeoJson as reading converter although it doesn't convert from a store-supported type! You might want to check your annotation setup at the converter implementation.
2021-07-10 08:28:50.201  WARN 3200 --- [main] o.s.data.convert.CustomConversions       : Registering converter from class org.springframework.data.elasticsearch.core.geo.GeoJsonPoint to interface java.util.Map as writing converter although it doesn't convert to a store-supported type! You might want to check your annotation setup at the converter implementation.
2021-07-10 08:28:50.201  WARN 3200 --- [main] o.s.data.convert.CustomConversions       : Registering converter from interface java.util.Map to class org.springframework.data.elasticsearch.core.geo.GeoJsonPoint as reading converter although it doesn't convert from a store-supported type! You might want to check your annotation setup at the converter implementation.
2021-07-10 08:28:50.201  WARN 3200 --- [main] o.s.data.convert.CustomConversions       : Registering converter from class org.springframework.data.elasticsearch.core.geo.GeoJsonMultiPoint to interface java.util.Map as writing converter although it doesn't convert to a store-supported type! You might want to check your annotation setup at the converter implementation.
2021-07-10 08:28:50.202  WARN 3200 --- [main] o.s.data.convert.CustomConversions       : Registering converter from interface java.util.Map to class org.springframework.data.elasticsearch.core.geo.GeoJsonMultiPoint as reading converter although it doesn't convert from a store-supported type! You might want to check your annotation setup at the converter implementation.
2021-07-10 08:28:50.203  WARN 3200 --- [main] o.s.data.convert.CustomConversions       : Registering converter from class org.springframework.data.elasticsearch.core.geo.GeoJsonLineString to interface java.util.Map as writing converter although it doesn't convert to a store-supported type! You might want to check your annotation setup at the converter implementation.
2021-07-10 08:28:50.204  WARN 3200 --- [main] o.s.data.convert.CustomConversions       : Registering converter from interface java.util.Map to class org.springframework.data.elasticsearch.core.geo.GeoJsonLineString as reading converter although it doesn't convert from a store-supported type! You might want to check your annotation setup at the converter implementation.
2021-07-10 08:28:50.204  WARN 3200 --- [main] o.s.data.convert.CustomConversions       : Registering converter from class org.springframework.data.elasticsearch.core.geo.GeoJsonMultiLineString to interface java.util.Map as writing converter although it doesn't convert to a store-supported type! You might want to check your annotation setup at the converter implementation.
2021-07-10 08:28:50.204  WARN 3200 --- [main] o.s.data.convert.CustomConversions       : Registering converter from interface java.util.Map to class org.springframework.data.elasticsearch.core.geo.GeoJsonMultiLineString as reading converter although it doesn't convert from a store-supported type! You might want to check your annotation setup at the converter implementation.
2021-07-10 08:28:50.204  WARN 3200 --- [main] o.s.data.convert.CustomConversions       : Registering converter from class org.springframework.data.elasticsearch.core.geo.GeoJsonPolygon to interface java.util.Map as writing converter although it doesn't convert to a store-supported type! You might want to check your annotation setup at the converter implementation.
2021-07-10 08:28:50.205  WARN 3200 --- [main] o.s.data.convert.CustomConversions       : Registering converter from interface java.util.Map to class org.springframework.data.elasticsearch.core.geo.GeoJsonPolygon as reading converter although it doesn't convert from a store-supported type! You might want to check your annotation setup at the converter implementation.
2021-07-10 08:28:50.205  WARN 3200 --- [main] o.s.data.convert.CustomConversions       : Registering converter from class org.springframework.data.elasticsearch.core.geo.GeoJsonMultiPolygon to interface java.util.Map as writing converter although it doesn't convert to a store-supported type! You might want to check your annotation setup at the converter implementation.
2021-07-10 08:28:50.205  WARN 3200 --- [main] o.s.data.convert.CustomConversions       : Registering converter from interface java.util.Map to class org.springframework.data.elasticsearch.core.geo.GeoJsonMultiPolygon as reading converter although it doesn't convert from a store-supported type! You might want to check your annotation setup at the converter implementation.
2021-07-10 08:28:50.205  WARN 3200 --- [main] o.s.data.convert.CustomConversions       : Registering converter from class org.springframework.data.elasticsearch.core.geo.GeoJsonGeometryCollection to interface java.util.Map as writing converter although it doesn't convert to a store-supported type! You might want to check your annotation setup at the converter implementation.
2021-07-10 08:28:50.205  WARN 3200 --- [main] o.s.data.convert.CustomConversions       : Registering converter from interface java.util.Map to class org.springframework.data.elasticsearch.core.geo.GeoJsonGeometryCollection as reading converter although it doesn't convert from a store-supported type! You might want to check your annotation setup at the converter implementation.
2021-07-10 08:28:51.309  INFO 3200 --- [main] o.s.d.elasticsearch.support.VersionInfo  : Version Spring Data Elasticsearch: 4.1.5
2021-07-10 08:28:51.310  INFO 3200 --- [main] o.s.d.elasticsearch.support.VersionInfo  : Version Elasticsearch Client in build: 7.9.3
2021-07-10 08:28:51.310  INFO 3200 --- [main] o.s.d.elasticsearch.support.VersionInfo  : Version Elasticsearch Client used: 7.12.1
2021-07-10 08:28:51.310  WARN 3200 --- [main] o.s.d.elasticsearch.support.VersionInfo  : Version mismatch in between Elasticsearch Clients build/use: 7.9.3 - 7.12.1
2021-07-10 08:28:51.551  INFO 3200 --- [main] com.example.blog.BlogApplicationTests    : Started BlogApplicationTests in 5.663 seconds (JVM running for 6.7)
2021-07-10 08:28:51.857  INFO 3200 --- [main] com.zaxxer.hikari.HikariDataSource       : HikariPool-1 - Starting...
2021-07-10 08:28:52.080  INFO 3200 --- [main] com.zaxxer.hikari.HikariDataSource       : HikariPool-1 - Start completed.
2021-07-10 08:28:52.089 DEBUG 3200 --- [main] c.e.blog.mapper.TypeMap.getTypeTop       : ==>  Preparing: Select type.id, type.name ,count(*) as num FROM blog,type WHERE type.id=blog.type_id GROUP BY blog.type_id ORDER BY count(*) DESC;
2021-07-10 08:28:52.115 DEBUG 3200 --- [main] c.e.blog.mapper.TypeMap.getTypeTop       : ==> Parameters: 
2021-07-10 08:28:52.151 DEBUG 3200 --- [main] c.e.blog.mapper.TypeMap.getTypeTop       : <==      Total: 3
2021-07-10 08:28:54.412  INFO 3200 --- [SpringContextShutdownHook] o.s.s.concurrent.ThreadPoolTaskExecutor  : Shutting down ExecutorService 'applicationTaskExecutor'
2021-07-10 08:28:54.414  INFO 3200 --- [SpringContextShutdownHook] com.zaxxer.hikari.HikariDataSource       : HikariPool-1 - Shutdown initiated...
2021-07-10 08:28:54.423  INFO 3200 --- [SpringContextShutdownHook] com.zaxxer.hikari.HikariDataSource       : HikariPool-1 - Shutdown completed.
2021-07-10 08:30:11.227  INFO 18132 --- [restartedMain] com.example.blog.BlogApplication         : Starting BlogApplication using Java 1.8.0_221 on LAPTOP-4CPHII3D with PID 18132 (D:\java学习\newblog\target\classes started by hulud in D:\java学习\newblog)
2021-07-10 08:30:11.229 DEBUG 18132 --- [restartedMain] com.example.blog.BlogApplication         : Running with Spring Boot v2.4.3, Spring v5.3.4
2021-07-10 08:30:11.229  INFO 18132 --- [restartedMain] com.example.blog.BlogApplication         : No active profile set, falling back to default profiles: default
2021-07-10 08:30:11.290  INFO 18132 --- [restartedMain] .e.DevToolsPropertyDefaultsPostProcessor : Devtools property defaults active! Set 'spring.devtools.add-properties' to 'false' to disable
2021-07-10 08:30:11.290  INFO 18132 --- [restartedMain] .e.DevToolsPropertyDefaultsPostProcessor : For additional web related logging consider setting the 'logging.level.web' property to 'DEBUG'
2021-07-10 08:30:11.802  INFO 18132 --- [restartedMain] .s.d.r.c.RepositoryConfigurationDelegate : Bootstrapping Spring Data Elasticsearch repositories in DEFAULT mode.
2021-07-10 08:30:11.812  INFO 18132 --- [restartedMain] .s.d.r.c.RepositoryConfigurationDelegate : Finished Spring Data repository scanning in 7 ms. Found 0 Elasticsearch repository interfaces.
2021-07-10 08:30:11.815  INFO 18132 --- [restartedMain] .s.d.r.c.RepositoryConfigurationDelegate : Bootstrapping Spring Data Reactive Elasticsearch repositories in DEFAULT mode.
2021-07-10 08:30:11.818  INFO 18132 --- [restartedMain] .s.d.r.c.RepositoryConfigurationDelegate : Finished Spring Data repository scanning in 3 ms. Found 0 Reactive Elasticsearch repository interfaces.
2021-07-10 08:30:12.342  INFO 18132 --- [restartedMain] o.s.b.w.embedded.tomcat.TomcatWebServer  : Tomcat initialized with port(s): 8088 (http)
2021-07-10 08:30:12.349  INFO 18132 --- [restartedMain] o.apache.catalina.core.StandardService   : Starting service [Tomcat]
2021-07-10 08:30:12.349  INFO 18132 --- [restartedMain] org.apache.catalina.core.StandardEngine  : Starting Servlet engine: [Apache Tomcat/9.0.43]
2021-07-10 08:30:12.421  INFO 18132 --- [restartedMain] o.a.c.c.C.[Tomcat].[localhost].[/]       : Initializing Spring embedded WebApplicationContext
2021-07-10 08:30:12.422  INFO 18132 --- [restartedMain] w.s.c.ServletWebServerApplicationContext : Root WebApplicationContext: initialization completed in 1131 ms
2021-07-10 08:30:13.359  INFO 18132 --- [restartedMain] o.s.s.concurrent.ThreadPoolTaskExecutor  : Initializing ExecutorService 'applicationTaskExecutor'
2021-07-10 08:30:13.429  INFO 18132 --- [restartedMain] o.s.b.a.w.s.WelcomePageHandlerMapping    : Adding welcome page template: index
2021-07-10 08:30:13.611  WARN 18132 --- [restartedMain] o.s.data.convert.CustomConversions       : Registering converter from class org.springframework.data.geo.Point to interface java.util.Map as writing converter although it doesn't convert to a store-supported type! You might want to check your annotation setup at the converter implementation.
2021-07-10 08:30:13.612  WARN 18132 --- [restartedMain] o.s.data.convert.CustomConversions       : Registering converter from interface java.util.Map to class org.springframework.data.geo.Point as reading converter although it doesn't convert from a store-supported type! You might want to check your annotation setup at the converter implementation.
2021-07-10 08:30:13.612  WARN 18132 --- [restartedMain] o.s.data.convert.CustomConversions       : Registering converter from class org.springframework.data.elasticsearch.core.geo.GeoPoint to interface java.util.Map as writing converter although it doesn't convert to a store-supported type! You might want to check your annotation setup at the converter implementation.
2021-07-10 08:30:13.612  WARN 18132 --- [restartedMain] o.s.data.convert.CustomConversions       : Registering converter from interface java.util.Map to class org.springframework.data.elasticsearch.core.geo.GeoPoint as reading converter although it doesn't convert from a store-supported type! You might want to check your annotation setup at the converter implementation.
2021-07-10 08:30:13.612  WARN 18132 --- [restartedMain] o.s.data.convert.CustomConversions       : Registering converter from interface org.springframework.data.elasticsearch.core.geo.GeoJson to interface java.util.Map as writing converter although it doesn't convert to a store-supported type! You might want to check your annotation setup at the converter implementation.
2021-07-10 08:30:13.612  WARN 18132 --- [restartedMain] o.s.data.convert.CustomConversions       : Registering converter from interface java.util.Map to interface org.springframework.data.elasticsearch.core.geo.GeoJson as reading converter although it doesn't convert from a store-supported type! You might want to check your annotation setup at the converter implementation.
2021-07-10 08:30:13.612  WARN 18132 --- [restartedMain] o.s.data.convert.CustomConversions       : Registering converter from class org.springframework.data.elasticsearch.core.geo.GeoJsonPoint to interface java.util.Map as writing converter although it doesn't convert to a store-supported type! You might want to check your annotation setup at the converter implementation.
2021-07-10 08:30:13.612  WARN 18132 --- [restartedMain] o.s.data.convert.CustomConversions       : Registering converter from interface java.util.Map to class org.springframework.data.elasticsearch.core.geo.GeoJsonPoint as reading converter although it doesn't convert from a store-supported type! You might want to check your annotation setup at the converter implementation.
2021-07-10 08:30:13.612  WARN 18132 --- [restartedMain] o.s.data.convert.CustomConversions       : Registering converter from class org.springframework.data.elasticsearch.core.geo.GeoJsonMultiPoint to interface java.util.Map as writing converter although it doesn't convert to a store-supported type! You might want to check your annotation setup at the converter implementation.
2021-07-10 08:30:13.613  WARN 18132 --- [restartedMain] o.s.data.convert.CustomConversions       : Registering converter from interface java.util.Map to class org.springframework.data.elasticsearch.core.geo.GeoJsonMultiPoint as reading converter although it doesn't convert from a store-supported type! You might want to check your annotation setup at the converter implementation.
2021-07-10 08:30:13.613  WARN 18132 --- [restartedMain] o.s.data.convert.CustomConversions       : Registering converter from class org.springframework.data.elasticsearch.core.geo.GeoJsonLineString to interface java.util.Map as writing converter although it doesn't convert to a store-supported type! You might want to check your annotation setup at the converter implementation.
2021-07-10 08:30:13.613  WARN 18132 --- [restartedMain] o.s.data.convert.CustomConversions       : Registering converter from interface java.util.Map to class org.springframework.data.elasticsearch.core.geo.GeoJsonLineString as reading converter although it doesn't convert from a store-supported type! You might want to check your annotation setup at the converter implementation.
2021-07-10 08:30:13.613  WARN 18132 --- [restartedMain] o.s.data.convert.CustomConversions       : Registering converter from class org.springframework.data.elasticsearch.core.geo.GeoJsonMultiLineString to interface java.util.Map as writing converter although it doesn't convert to a store-supported type! You might want to check your annotation setup at the converter implementation.
2021-07-10 08:30:13.613  WARN 18132 --- [restartedMain] o.s.data.convert.CustomConversions       : Registering converter from interface java.util.Map to class org.springframework.data.elasticsearch.core.geo.GeoJsonMultiLineString as reading converter although it doesn't convert from a store-supported type! You might want to check your annotation setup at the converter implementation.
2021-07-10 08:30:13.614  WARN 18132 --- [restartedMain] o.s.data.convert.CustomConversions       : Registering converter from class org.springframework.data.elasticsearch.core.geo.GeoJsonPolygon to interface java.util.Map as writing converter although it doesn't convert to a store-supported type! You might want to check your annotation setup at the converter implementation.
2021-07-10 08:30:13.614  WARN 18132 --- [restartedMain] o.s.data.convert.CustomConversions       : Registering converter from interface java.util.Map to class org.springframework.data.elasticsearch.core.geo.GeoJsonPolygon as reading converter although it doesn't convert from a store-supported type! You might want to check your annotation setup at the converter implementation.
2021-07-10 08:30:13.614  WARN 18132 --- [restartedMain] o.s.data.convert.CustomConversions       : Registering converter from class org.springframework.data.elasticsearch.core.geo.GeoJsonMultiPolygon to interface java.util.Map as writing converter although it doesn't convert to a store-supported type! You might want to check your annotation setup at the converter implementation.
2021-07-10 08:30:13.614  WARN 18132 --- [restartedMain] o.s.data.convert.CustomConversions       : Registering converter from interface java.util.Map to class org.springframework.data.elasticsearch.core.geo.GeoJsonMultiPolygon as reading converter although it doesn't convert from a store-supported type! You might want to check your annotation setup at the converter implementation.
2021-07-10 08:30:13.614  WARN 18132 --- [restartedMain] o.s.data.convert.CustomConversions       : Registering converter from class org.springframework.data.elasticsearch.core.geo.GeoJsonGeometryCollection to interface java.util.Map as writing converter although it doesn't convert to a store-supported type! You might want to check your annotation setup at the converter implementation.
2021-07-10 08:30:13.614  WARN 18132 --- [restartedMain] o.s.data.convert.CustomConversions       : Registering converter from interface java.util.Map to class org.springframework.data.elasticsearch.core.geo.GeoJsonGeometryCollection as reading converter although it doesn't convert from a store-supported type! You might want to check your annotation setup at the converter implementation.
2021-07-10 08:30:14.659  INFO 18132 --- [restartedMain] o.s.d.elasticsearch.support.VersionInfo  : Version Spring Data Elasticsearch: 4.1.5
2021-07-10 08:30:14.660  INFO 18132 --- [restartedMain] o.s.d.elasticsearch.support.VersionInfo  : Version Elasticsearch Client in build: 7.9.3
2021-07-10 08:30:14.660  INFO 18132 --- [restartedMain] o.s.d.elasticsearch.support.VersionInfo  : Version Elasticsearch Client used: 7.12.1
2021-07-10 08:30:14.660  WARN 18132 --- [restartedMain] o.s.d.elasticsearch.support.VersionInfo  : Version mismatch in between Elasticsearch Clients build/use: 7.9.3 - 7.12.1
2021-07-10 08:30:14.813  INFO 18132 --- [restartedMain] o.s.b.d.a.OptionalLiveReloadServer       : LiveReload server is running on port 35729
2021-07-10 08:30:14.836  INFO 18132 --- [restartedMain] o.s.b.w.embedded.tomcat.TomcatWebServer  : Tomcat started on port(s): 8088 (http) with context path ''
2021-07-10 08:30:14.845  INFO 18132 --- [restartedMain] com.example.blog.BlogApplication         : Started BlogApplication in 4.012 seconds (JVM running for 4.944)
2021-07-10 08:30:28.481  INFO 18132 --- [http-nio-8088-exec-1] o.a.c.c.C.[Tomcat].[localhost].[/]       : Initializing Spring DispatcherServlet 'dispatcherServlet'
2021-07-10 08:30:28.481  INFO 18132 --- [http-nio-8088-exec-1] o.s.web.servlet.DispatcherServlet        : Initializing Servlet 'dispatcherServlet'
2021-07-10 08:30:28.482  INFO 18132 --- [http-nio-8088-exec-1] o.s.web.servlet.DispatcherServlet        : Completed initialization in 0 ms
2021-07-10 08:30:28.508  INFO 18132 --- [http-nio-8088-exec-1] com.example.blog.asepect.LogAspect       : ===============请求内容===============
2021-07-10 08:30:28.508  INFO 18132 --- [http-nio-8088-exec-1] com.example.blog.asepect.LogAspect       : 请求地址:http://localhost:8088/
2021-07-10 08:30:28.508  INFO 18132 --- [http-nio-8088-exec-1] com.example.blog.asepect.LogAspect       : 请求方式:GET
2021-07-10 08:30:28.510  INFO 18132 --- [http-nio-8088-exec-1] com.example.blog.asepect.LogAspect       : 请求类方法:String com.example.blog.controller.IndexController.index(Integer,Integer,Model)
2021-07-10 08:30:28.510  INFO 18132 --- [http-nio-8088-exec-1] com.example.blog.asepect.LogAspect       : 请求方法名字 : com.example.blog.controller.IndexController.index
2021-07-10 08:30:28.510  INFO 18132 --- [http-nio-8088-exec-1] com.example.blog.asepect.LogAspect       : 请求类方法参数:[1, 5, {}]
2021-07-10 08:30:28.510  INFO 18132 --- [http-nio-8088-exec-1] com.example.blog.asepect.LogAspect       : ===============请求内容===============
2021-07-10 08:30:28.543  INFO 18132 --- [http-nio-8088-exec-1] com.zaxxer.hikari.HikariDataSource       : HikariPool-1 - Starting...
2021-07-10 08:30:28.648  INFO 18132 --- [http-nio-8088-exec-1] com.zaxxer.hikari.HikariDataSource       : HikariPool-1 - Start completed.
2021-07-10 08:30:28.653 DEBUG 18132 --- [http-nio-8088-exec-1] c.e.b.mapper.BlogMap.getAllBlogs_COUNT   : ==>  Preparing: SELECT count(0) FROM blog
2021-07-10 08:30:28.670 DEBUG 18132 --- [http-nio-8088-exec-1] c.e.b.mapper.BlogMap.getAllBlogs_COUNT   : ==> Parameters: 
2021-07-10 08:30:28.685 DEBUG 18132 --- [http-nio-8088-exec-1] c.e.b.mapper.BlogMap.getAllBlogs_COUNT   : <==      Total: 1
2021-07-10 08:30:28.690 DEBUG 18132 --- [http-nio-8088-exec-1] c.e.blog.mapper.BlogMap.getAllBlogs      : ==>  Preparing: Select * from blog LIMIT ?
2021-07-10 08:30:28.691 DEBUG 18132 --- [http-nio-8088-exec-1] c.e.blog.mapper.BlogMap.getAllBlogs      : ==> Parameters: 5(Integer)
2021-07-10 08:30:28.698 DEBUG 18132 --- [http-nio-8088-exec-1] c.e.blog.mapper.BlogMap.getAllBlogs      : <==      Total: 4
2021-07-10 08:30:28.701 DEBUG 18132 --- [http-nio-8088-exec-1] c.e.blog.mapper.TypeMap.getTypeById      : ==>  Preparing: Select * from type where id=?
2021-07-10 08:30:28.701 DEBUG 18132 --- [http-nio-8088-exec-1] c.e.blog.mapper.TypeMap.getTypeById      : ==> Parameters: 1(Integer)
2021-07-10 08:30:28.702 DEBUG 18132 --- [http-nio-8088-exec-1] c.e.blog.mapper.TypeMap.getTypeById      : <==      Total: 1
2021-07-10 08:30:28.703 DEBUG 18132 --- [http-nio-8088-exec-1] c.e.blog.mapper.UserMap.getUserById      : ==>  Preparing: Select * from user where id=?
2021-07-10 08:30:28.703 DEBUG 18132 --- [http-nio-8088-exec-1] c.e.blog.mapper.UserMap.getUserById      : ==> Parameters: 1(Integer)
2021-07-10 08:30:28.706 DEBUG 18132 --- [http-nio-8088-exec-1] c.e.blog.mapper.UserMap.getUserById      : <==      Total: 1
2021-07-10 08:30:28.706 DEBUG 18132 --- [http-nio-8088-exec-1] c.e.blog.mapper.TypeMap.getTypeById      : ==>  Preparing: Select * from type where id=?
2021-07-10 08:30:28.707 DEBUG 18132 --- [http-nio-8088-exec-1] c.e.blog.mapper.TypeMap.getTypeById      : ==> Parameters: 1(Integer)
2021-07-10 08:30:28.708 DEBUG 18132 --- [http-nio-8088-exec-1] c.e.blog.mapper.TypeMap.getTypeById      : <==      Total: 1
2021-07-10 08:30:28.708 DEBUG 18132 --- [http-nio-8088-exec-1] c.e.blog.mapper.UserMap.getUserById      : ==>  Preparing: Select * from user where id=?
2021-07-10 08:30:28.708 DEBUG 18132 --- [http-nio-8088-exec-1] c.e.blog.mapper.UserMap.getUserById      : ==> Parameters: 1(Integer)
2021-07-10 08:30:28.709 DEBUG 18132 --- [http-nio-8088-exec-1] c.e.blog.mapper.UserMap.getUserById      : <==      Total: 1
2021-07-10 08:30:28.709 DEBUG 18132 --- [http-nio-8088-exec-1] c.e.blog.mapper.TypeMap.getTypeById      : ==>  Preparing: Select * from type where id=?
2021-07-10 08:30:28.710 DEBUG 18132 --- [http-nio-8088-exec-1] c.e.blog.mapper.TypeMap.getTypeById      : ==> Parameters: 6(Integer)
2021-07-10 08:30:28.710 DEBUG 18132 --- [http-nio-8088-exec-1] c.e.blog.mapper.TypeMap.getTypeById      : <==      Total: 1
2021-07-10 08:30:28.711 DEBUG 18132 --- [http-nio-8088-exec-1] c.e.blog.mapper.UserMap.getUserById      : ==>  Preparing: Select * from user where id=?
2021-07-10 08:30:28.711 DEBUG 18132 --- [http-nio-8088-exec-1] c.e.blog.mapper.UserMap.getUserById      : ==> Parameters: 1(Integer)
2021-07-10 08:30:28.712 DEBUG 18132 --- [http-nio-8088-exec-1] c.e.blog.mapper.UserMap.getUserById      : <==      Total: 1
2021-07-10 08:30:28.712 DEBUG 18132 --- [http-nio-8088-exec-1] c.e.blog.mapper.TypeMap.getTypeById      : ==>  Preparing: Select * from type where id=?
2021-07-10 08:30:28.712 DEBUG 18132 --- [http-nio-8088-exec-1] c.e.blog.mapper.TypeMap.getTypeById      : ==> Parameters: 3(Integer)
2021-07-10 08:30:28.713 DEBUG 18132 --- [http-nio-8088-exec-1] c.e.blog.mapper.TypeMap.getTypeById      : <==      Total: 1
2021-07-10 08:30:28.713 DEBUG 18132 --- [http-nio-8088-exec-1] c.e.blog.mapper.UserMap.getUserById      : ==>  Preparing: Select * from user where id=?
2021-07-10 08:30:28.713 DEBUG 18132 --- [http-nio-8088-exec-1] c.e.blog.mapper.UserMap.getUserById      : ==> Parameters: 1(Integer)
2021-07-10 08:30:28.714 DEBUG 18132 --- [http-nio-8088-exec-1] c.e.blog.mapper.UserMap.getUserById      : <==      Total: 1
2021-07-10 08:30:28.714 DEBUG 18132 --- [http-nio-8088-exec-1] c.e.blog.mapper.TypeMap.getTypeTop       : ==>  Preparing: Select type.id, type.name ,count(*) as num FROM blog,type WHERE type.id=blog.type_id GROUP BY blog.type_id ORDER BY count(*) DESC;
2021-07-10 08:30:28.714 DEBUG 18132 --- [http-nio-8088-exec-1] c.e.blog.mapper.TypeMap.getTypeTop       : ==> Parameters: 
2021-07-10 08:30:28.715 DEBUG 18132 --- [http-nio-8088-exec-1] c.e.blog.mapper.TypeMap.getTypeTop       : <==      Total: 3
2021-07-10 08:30:28.716 DEBUG 18132 --- [http-nio-8088-exec-1] c.example.blog.mapper.TagMap.getTagTop   : ==>  Preparing: SELECT t.id,t.name,count(*) as num FROM blogtag bt,tag t WHERE t.id=bt.tag_id GROUP BY t.name;
2021-07-10 08:30:28.716 DEBUG 18132 --- [http-nio-8088-exec-1] c.example.blog.mapper.TagMap.getTagTop   : ==> Parameters: 
2021-07-10 08:30:28.719 DEBUG 18132 --- [http-nio-8088-exec-1] c.example.blog.mapper.TagMap.getTagTop   : <==      Total: 3
2021-07-10 08:30:28.720 DEBUG 18132 --- [http-nio-8088-exec-1] c.e.blog.mapper.BlogMap.getBlogTop       : ==>  Preparing: Select title from blog order by update_time limit ?
2021-07-10 08:30:28.720 DEBUG 18132 --- [http-nio-8088-exec-1] c.e.blog.mapper.BlogMap.getBlogTop       : ==> Parameters: 4(Integer)
2021-07-10 08:30:28.721 DEBUG 18132 --- [http-nio-8088-exec-1] c.e.blog.mapper.BlogMap.getBlogTop       : <==      Total: 4
2021-07-10 08:30:28.721  INFO 18132 --- [http-nio-8088-exec-1] com.example.blog.asepect.LogAspect       : RESPONSE : index
2021-07-10 09:16:26.990  INFO 18132 --- [Thread-13] o.s.s.concurrent.ThreadPoolTaskExecutor  : Shutting down ExecutorService 'applicationTaskExecutor'
2021-07-10 09:16:26.992  INFO 18132 --- [Thread-13] com.zaxxer.hikari.HikariDataSource       : HikariPool-1 - Shutdown initiated...
2021-07-10 09:16:26.995  INFO 18132 --- [Thread-13] com.zaxxer.hikari.HikariDataSource       : HikariPool-1 - Shutdown completed.
2021-07-10 09:16:27.174  INFO 18132 --- [restartedMain] com.example.blog.BlogApplication         : Starting BlogApplication using Java 1.8.0_221 on LAPTOP-4CPHII3D with PID 18132 (D:\java学习\newblog\target\classes started by hulud in D:\java学习\newblog)
2021-07-10 09:16:27.174 DEBUG 18132 --- [restartedMain] com.example.blog.BlogApplication         : Running with Spring Boot v2.4.3, Spring v5.3.4
2021-07-10 09:16:27.174  INFO 18132 --- [restartedMain] com.example.blog.BlogApplication         : No active profile set, falling back to default profiles: default
2021-07-10 09:16:27.385  INFO 18132 --- [restartedMain] .s.d.r.c.RepositoryConfigurationDelegate : Bootstrapping Spring Data Elasticsearch repositories in DEFAULT mode.
2021-07-10 09:16:27.392  INFO 18132 --- [restartedMain] .s.d.r.c.RepositoryConfigurationDelegate : Finished Spring Data repository scanning in 6 ms. Found 0 Elasticsearch repository interfaces.
2021-07-10 09:16:27.393  INFO 18132 --- [restartedMain] .s.d.r.c.RepositoryConfigurationDelegate : Bootstrapping Spring Data Reactive Elasticsearch repositories in DEFAULT mode.
2021-07-10 09:16:27.398  INFO 18132 --- [restartedMain] .s.d.r.c.RepositoryConfigurationDelegate : Finished Spring Data repository scanning in 3 ms. Found 0 Reactive Elasticsearch repository interfaces.
2021-07-10 09:16:27.563  INFO 18132 --- [restartedMain] o.s.b.w.embedded.tomcat.TomcatWebServer  : Tomcat initialized with port(s): 8088 (http)
2021-07-10 09:16:27.564  INFO 18132 --- [restartedMain] o.apache.catalina.core.StandardService   : Starting service [Tomcat]
2021-07-10 09:16:27.564  INFO 18132 --- [restartedMain] org.apache.catalina.core.StandardEngine  : Starting Servlet engine: [Apache Tomcat/9.0.43]
2021-07-10 09:16:27.585  INFO 18132 --- [restartedMain] o.a.c.c.C.[Tomcat].[localhost].[/]       : Initializing Spring embedded WebApplicationContext
2021-07-10 09:16:27.585  INFO 18132 --- [restartedMain] w.s.c.ServletWebServerApplicationContext : Root WebApplicationContext: initialization completed in 408 ms
2021-07-10 09:16:27.608  INFO 18344 --- [main] com.example.blog.BlogApplicationTests    : Starting BlogApplicationTests using Java 1.8.0_221 on LAPTOP-4CPHII3D with PID 18344 (started by hulud in D:\javaѧϰ\newblog)
2021-07-10 09:16:27.609 DEBUG 18344 --- [main] com.example.blog.BlogApplicationTests    : Running with Spring Boot v2.4.3, Spring v5.3.4
2021-07-10 09:16:27.612  INFO 18344 --- [main] com.example.blog.BlogApplicationTests    : No active profile set, falling back to default profiles: default
2021-07-10 09:16:27.956  INFO 18132 --- [restartedMain] o.s.s.concurrent.ThreadPoolTaskExecutor  : Initializing ExecutorService 'applicationTaskExecutor'
2021-07-10 09:16:28.001  INFO 18132 --- [restartedMain] o.s.b.a.w.s.WelcomePageHandlerMapping    : Adding welcome page template: index
2021-07-10 09:16:28.111  WARN 18132 --- [restartedMain] o.s.data.convert.CustomConversions       : Registering converter from class org.springframework.data.geo.Point to interface java.util.Map as writing converter although it doesn't convert to a store-supported type! You might want to check your annotation setup at the converter implementation.
2021-07-10 09:16:28.111  WARN 18132 --- [restartedMain] o.s.data.convert.CustomConversions       : Registering converter from interface java.util.Map to class org.springframework.data.geo.Point as reading converter although it doesn't convert from a store-supported type! You might want to check your annotation setup at the converter implementation.
2021-07-10 09:16:28.111  WARN 18132 --- [restartedMain] o.s.data.convert.CustomConversions       : Registering converter from class org.springframework.data.elasticsearch.core.geo.GeoPoint to interface java.util.Map as writing converter although it doesn't convert to a store-supported type! You might want to check your annotation setup at the converter implementation.
2021-07-10 09:16:28.111  WARN 18132 --- [restartedMain] o.s.data.convert.CustomConversions       : Registering converter from interface java.util.Map to class org.springframework.data.elasticsearch.core.geo.GeoPoint as reading converter although it doesn't convert from a store-supported type! You might want to check your annotation setup at the converter implementation.
2021-07-10 09:16:28.111  WARN 18132 --- [restartedMain] o.s.data.convert.CustomConversions       : Registering converter from interface org.springframework.data.elasticsearch.core.geo.GeoJson to interface java.util.Map as writing converter although it doesn't convert to a store-supported type! You might want to check your annotation setup at the converter implementation.
2021-07-10 09:16:28.112  WARN 18132 --- [restartedMain] o.s.data.convert.CustomConversions       : Registering converter from interface java.util.Map to interface org.springframework.data.elasticsearch.core.geo.GeoJson as reading converter although it doesn't convert from a store-supported type! You might want to check your annotation setup at the converter implementation.
2021-07-10 09:16:28.112  WARN 18132 --- [restartedMain] o.s.data.convert.CustomConversions       : Registering converter from class org.springframework.data.elasticsearch.core.geo.GeoJsonPoint to interface java.util.Map as writing converter although it doesn't convert to a store-supported type! You might want to check your annotation setup at the converter implementation.
2021-07-10 09:16:28.112  WARN 18132 --- [restartedMain] o.s.data.convert.CustomConversions       : Registering converter from interface java.util.Map to class org.springframework.data.elasticsearch.core.geo.GeoJsonPoint as reading converter although it doesn't convert from a store-supported type! You might want to check your annotation setup at the converter implementation.
2021-07-10 09:16:28.112  WARN 18132 --- [restartedMain] o.s.data.convert.CustomConversions       : Registering converter from class org.springframework.data.elasticsearch.core.geo.GeoJsonMultiPoint to interface java.util.Map as writing converter although it doesn't convert to a store-supported type! You might want to check your annotation setup at the converter implementation.
2021-07-10 09:16:28.112  WARN 18132 --- [restartedMain] o.s.data.convert.CustomConversions       : Registering converter from interface java.util.Map to class org.springframework.data.elasticsearch.core.geo.GeoJsonMultiPoint as reading converter although it doesn't convert from a store-supported type! You might want to check your annotation setup at the converter implementation.
2021-07-10 09:16:28.112  WARN 18132 --- [restartedMain] o.s.data.convert.CustomConversions       : Registering converter from class org.springframework.data.elasticsearch.core.geo.GeoJsonLineString to interface java.util.Map as writing converter although it doesn't convert to a store-supported type! You might want to check your annotation setup at the converter implementation.
2021-07-10 09:16:28.112  WARN 18132 --- [restartedMain] o.s.data.convert.CustomConversions       : Registering converter from interface java.util.Map to class org.springframework.data.elasticsearch.core.geo.GeoJsonLineString as reading converter although it doesn't convert from a store-supported type! You might want to check your annotation setup at the converter implementation.
2021-07-10 09:16:28.112  WARN 18132 --- [restartedMain] o.s.data.convert.CustomConversions       : Registering converter from class org.springframework.data.elasticsearch.core.geo.GeoJsonMultiLineString to interface java.util.Map as writing converter although it doesn't convert to a store-supported type! You might want to check your annotation setup at the converter implementation.
2021-07-10 09:16:28.113  WARN 18132 --- [restartedMain] o.s.data.convert.CustomConversions       : Registering converter from interface java.util.Map to class org.springframework.data.elasticsearch.core.geo.GeoJsonMultiLineString as reading converter although it doesn't convert from a store-supported type! You might want to check your annotation setup at the converter implementation.
2021-07-10 09:16:28.113  WARN 18132 --- [restartedMain] o.s.data.convert.CustomConversions       : Registering converter from class org.springframework.data.elasticsearch.core.geo.GeoJsonPolygon to interface java.util.Map as writing converter although it doesn't convert to a store-supported type! You might want to check your annotation setup at the converter implementation.
2021-07-10 09:16:28.113  WARN 18132 --- [restartedMain] o.s.data.convert.CustomConversions       : Registering converter from interface java.util.Map to class org.springframework.data.elasticsearch.core.geo.GeoJsonPolygon as reading converter although it doesn't convert from a store-supported type! You might want to check your annotation setup at the converter implementation.
2021-07-10 09:16:28.113  WARN 18132 --- [restartedMain] o.s.data.convert.CustomConversions       : Registering converter from class org.springframework.data.elasticsearch.core.geo.GeoJsonMultiPolygon to interface java.util.Map as writing converter although it doesn't convert to a store-supported type! You might want to check your annotation setup at the converter implementation.
2021-07-10 09:16:28.113  WARN 18132 --- [restartedMain] o.s.data.convert.CustomConversions       : Registering converter from interface java.util.Map to class org.springframework.data.elasticsearch.core.geo.GeoJsonMultiPolygon as reading converter although it doesn't convert from a store-supported type! You might want to check your annotation setup at the converter implementation.
2021-07-10 09:16:28.113  WARN 18132 --- [restartedMain] o.s.data.convert.CustomConversions       : Registering converter from class org.springframework.data.elasticsearch.core.geo.GeoJsonGeometryCollection to interface java.util.Map as writing converter although it doesn't convert to a store-supported type! You might want to check your annotation setup at the converter implementation.
2021-07-10 09:16:28.113  WARN 18132 --- [restartedMain] o.s.data.convert.CustomConversions       : Registering converter from interface java.util.Map to class org.springframework.data.elasticsearch.core.geo.GeoJsonGeometryCollection as reading converter although it doesn't convert from a store-supported type! You might want to check your annotation setup at the converter implementation.
2021-07-10 09:16:28.312  INFO 18344 --- [main] .s.d.r.c.RepositoryConfigurationDelegate : Bootstrapping Spring Data Elasticsearch repositories in DEFAULT mode.
2021-07-10 09:16:28.329  INFO 18344 --- [main] .s.d.r.c.RepositoryConfigurationDelegate : Finished Spring Data repository scanning in 13 ms. Found 0 Elasticsearch repository interfaces.
2021-07-10 09:16:28.334  INFO 18344 --- [main] .s.d.r.c.RepositoryConfigurationDelegate : Bootstrapping Spring Data Reactive Elasticsearch repositories in DEFAULT mode.
2021-07-10 09:16:28.340  INFO 18344 --- [main] .s.d.r.c.RepositoryConfigurationDelegate : Finished Spring Data repository scanning in 6 ms. Found 0 Reactive Elasticsearch repository interfaces.
2021-07-10 09:16:29.321  INFO 18132 --- [restartedMain] o.s.b.d.a.OptionalLiveReloadServer       : LiveReload server is running on port 35729
2021-07-10 09:16:29.338  INFO 18132 --- [restartedMain] o.s.b.w.embedded.tomcat.TomcatWebServer  : Tomcat started on port(s): 8088 (http) with context path ''
2021-07-10 09:16:29.344  INFO 18132 --- [restartedMain] com.example.blog.BlogApplication         : Started BlogApplication in 2.197 seconds (JVM running for 2779.443)
2021-07-10 09:16:29.346  INFO 18132 --- [restartedMain] .ConditionEvaluationDeltaLoggingListener : Condition evaluation unchanged
2021-07-10 09:16:30.912  INFO 18344 --- [main] o.s.s.concurrent.ThreadPoolTaskExecutor  : Initializing ExecutorService 'applicationTaskExecutor'
2021-07-10 09:16:31.071  INFO 18344 --- [main] o.s.b.a.w.s.WelcomePageHandlerMapping    : Adding welcome page template: index
2021-07-10 09:16:31.502  WARN 18344 --- [main] o.s.data.convert.CustomConversions       : Registering converter from class org.springframework.data.geo.Point to interface java.util.Map as writing converter although it doesn't convert to a store-supported type! You might want to check your annotation setup at the converter implementation.
2021-07-10 09:16:31.503  WARN 18344 --- [main] o.s.data.convert.CustomConversions       : Registering converter from interface java.util.Map to class org.springframework.data.geo.Point as reading converter although it doesn't convert from a store-supported type! You might want to check your annotation setup at the converter implementation.
2021-07-10 09:16:31.503  WARN 18344 --- [main] o.s.data.convert.CustomConversions       : Registering converter from class org.springframework.data.elasticsearch.core.geo.GeoPoint to interface java.util.Map as writing converter although it doesn't convert to a store-supported type! You might want to check your annotation setup at the converter implementation.
2021-07-10 09:16:31.503  WARN 18344 --- [main] o.s.data.convert.CustomConversions       : Registering converter from interface java.util.Map to class org.springframework.data.elasticsearch.core.geo.GeoPoint as reading converter although it doesn't convert from a store-supported type! You might want to check your annotation setup at the converter implementation.
2021-07-10 09:16:31.504  WARN 18344 --- [main] o.s.data.convert.CustomConversions       : Registering converter from interface org.springframework.data.elasticsearch.core.geo.GeoJson to interface java.util.Map as writing converter although it doesn't convert to a store-supported type! You might want to check your annotation setup at the converter implementation.
2021-07-10 09:16:31.504  WARN 18344 --- [main] o.s.data.convert.CustomConversions       : Registering converter from interface java.util.Map to interface org.springframework.data.elasticsearch.core.geo.GeoJson as reading converter although it doesn't convert from a store-supported type! You might want to check your annotation setup at the converter implementation.
2021-07-10 09:16:31.504  WARN 18344 --- [main] o.s.data.convert.CustomConversions       : Registering converter from class org.springframework.data.elasticsearch.core.geo.GeoJsonPoint to interface java.util.Map as writing converter although it doesn't convert to a store-supported type! You might want to check your annotation setup at the converter implementation.
2021-07-10 09:16:31.504  WARN 18344 --- [main] o.s.data.convert.CustomConversions       : Registering converter from interface java.util.Map to class org.springframework.data.elasticsearch.core.geo.GeoJsonPoint as reading converter although it doesn't convert from a store-supported type! You might want to check your annotation setup at the converter implementation.
2021-07-10 09:16:31.505  WARN 18344 --- [main] o.s.data.convert.CustomConversions       : Registering converter from class org.springframework.data.elasticsearch.core.geo.GeoJsonMultiPoint to interface java.util.Map as writing converter although it doesn't convert to a store-supported type! You might want to check your annotation setup at the converter implementation.
2021-07-10 09:16:31.505  WARN 18344 --- [main] o.s.data.convert.CustomConversions       : Registering converter from interface java.util.Map to class org.springframework.data.elasticsearch.core.geo.GeoJsonMultiPoint as reading converter although it doesn't convert from a store-supported type! You might want to check your annotation setup at the converter implementation.
2021-07-10 09:16:31.505  WARN 18344 --- [main] o.s.data.convert.CustomConversions       : Registering converter from class org.springframework.data.elasticsearch.core.geo.GeoJsonLineString to interface java.util.Map as writing converter although it doesn't convert to a store-supported type! You might want to check your annotation setup at the converter implementation.
2021-07-10 09:16:31.505  WARN 18344 --- [main] o.s.data.convert.CustomConversions       : Registering converter from interface java.util.Map to class org.springframework.data.elasticsearch.core.geo.GeoJsonLineString as reading converter although it doesn't convert from a store-supported type! You might want to check your annotation setup at the converter implementation.
2021-07-10 09:16:31.506  WARN 18344 --- [main] o.s.data.convert.CustomConversions       : Registering converter from class org.springframework.data.elasticsearch.core.geo.GeoJsonMultiLineString to interface java.util.Map as writing converter although it doesn't convert to a store-supported type! You might want to check your annotation setup at the converter implementation.
2021-07-10 09:16:31.507  WARN 18344 --- [main] o.s.data.convert.CustomConversions       : Registering converter from interface java.util.Map to class org.springframework.data.elasticsearch.core.geo.GeoJsonMultiLineString as reading converter although it doesn't convert from a store-supported type! You might want to check your annotation setup at the converter implementation.
2021-07-10 09:16:31.507  WARN 18344 --- [main] o.s.data.convert.CustomConversions       : Registering converter from class org.springframework.data.elasticsearch.core.geo.GeoJsonPolygon to interface java.util.Map as writing converter although it doesn't convert to a store-supported type! You might want to check your annotation setup at the converter implementation.
2021-07-10 09:16:31.507  WARN 18344 --- [main] o.s.data.convert.CustomConversions       : Registering converter from interface java.util.Map to class org.springframework.data.elasticsearch.core.geo.GeoJsonPolygon as reading converter although it doesn't convert from a store-supported type! You might want to check your annotation setup at the converter implementation.
2021-07-10 09:16:31.508  WARN 18344 --- [main] o.s.data.convert.CustomConversions       : Registering converter from class org.springframework.data.elasticsearch.core.geo.GeoJsonMultiPolygon to interface java.util.Map as writing converter although it doesn't convert to a store-supported type! You might want to check your annotation setup at the converter implementation.
2021-07-10 09:16:31.508  WARN 18344 --- [main] o.s.data.convert.CustomConversions       : Registering converter from interface java.util.Map to class org.springframework.data.elasticsearch.core.geo.GeoJsonMultiPolygon as reading converter although it doesn't convert from a store-supported type! You might want to check your annotation setup at the converter implementation.
2021-07-10 09:16:31.508  WARN 18344 --- [main] o.s.data.convert.CustomConversions       : Registering converter from class org.springframework.data.elasticsearch.core.geo.GeoJsonGeometryCollection to interface java.util.Map as writing converter although it doesn't convert to a store-supported type! You might want to check your annotation setup at the converter implementation.
2021-07-10 09:16:31.509  WARN 18344 --- [main] o.s.data.convert.CustomConversions       : Registering converter from interface java.util.Map to class org.springframework.data.elasticsearch.core.geo.GeoJsonGeometryCollection as reading converter although it doesn't convert from a store-supported type! You might want to check your annotation setup at the converter implementation.
2021-07-10 09:16:32.601  INFO 18344 --- [main] o.s.d.elasticsearch.support.VersionInfo  : Version Spring Data Elasticsearch: 4.1.5
2021-07-10 09:16:32.603  INFO 18344 --- [main] o.s.d.elasticsearch.support.VersionInfo  : Version Elasticsearch Client in build: 7.9.3
2021-07-10 09:16:32.603  INFO 18344 --- [main] o.s.d.elasticsearch.support.VersionInfo  : Version Elasticsearch Client used: 7.12.1
2021-07-10 09:16:32.603  WARN 18344 --- [main] o.s.d.elasticsearch.support.VersionInfo  : Version mismatch in between Elasticsearch Clients build/use: 7.9.3 - 7.12.1
2021-07-10 09:16:32.842  INFO 18344 --- [main] com.example.blog.BlogApplicationTests    : Started BlogApplicationTests in 5.566 seconds (JVM running for 6.648)
2021-07-10 09:16:33.075  INFO 18344 --- [main] com.zaxxer.hikari.HikariDataSource       : HikariPool-1 - Starting...
2021-07-10 09:16:33.262  INFO 18344 --- [main] com.zaxxer.hikari.HikariDataSource       : HikariPool-1 - Start completed.
2021-07-10 09:16:33.270 DEBUG 18344 --- [main] c.e.blog.mapper.TypeMap.getTypeTop       : ==>  Preparing: Select type.id, type.name ,count(*) as num FROM blog,type WHERE type.id=blog.type_id GROUP BY blog.type_id ORDER BY count(*) DESC;
2021-07-10 09:16:33.295 DEBUG 18344 --- [main] c.e.blog.mapper.TypeMap.getTypeTop       : ==> Parameters: 
2021-07-10 09:16:33.318 DEBUG 18344 --- [main] c.e.blog.mapper.TypeMap.getTypeTop       : <==      Total: 3
2021-07-10 09:16:35.538  INFO 18344 --- [SpringContextShutdownHook] o.s.s.concurrent.ThreadPoolTaskExecutor  : Shutting down ExecutorService 'applicationTaskExecutor'
2021-07-10 09:16:35.541  INFO 18344 --- [SpringContextShutdownHook] com.zaxxer.hikari.HikariDataSource       : HikariPool-1 - Shutdown initiated...
2021-07-10 09:16:35.554  INFO 18344 --- [SpringContextShutdownHook] com.zaxxer.hikari.HikariDataSource       : HikariPool-1 - Shutdown completed.
